Enter your repository name: angular/angular.js
[('angular/angular.js', 0.764494005032812),
 ('twbs/bootstrap', 0.03695810287376736),
 ('jquery/jquery', 0.027572452871998606),
 ('jashkenas/backbone', 0.02275566442131047),
 ('emberjs/ember.js', 0.0225274958596968),
 ('joyent/node', 0.0209286296133843),
 ('mbostock/d3', 0.014728080073860223),
 ('h5bp/html5-boilerplate', 0.012255527753663892),
 ('angular/angular-seed', 0.012236107166524662),
 ('angular-ui/bootstrap', 0.0121592890757507),
 ('zurb/foundation', 0.010434718483831717),
 ('FortAwesome/Font-Awesome', 0.010244045009498758),
 ('bower/bower', 0.010091522157996146),
 ('facebook/react', 0.009980864573366966),
 ('rails/rails', 0.009315802020868864),
 ('meteor/meteor', 0.009232712959813401),
 ('gruntjs/grunt', 0.009122232963982053),
 ('Modernizr/Modernizr', 0.008916686035455448),
 ('bartaz/impress.js', 0.008813945620626413),
 ('visionmedia/express', 0.00862357669122572),
 ('documentcloud/backbone', 0.008342431046202648),
 ('knockout/knockout', 0.007764305466921932),
 ('moment/moment', 0.007722859664607238),
 ('django/django', 0.00771002861070858),
 ('driftyco/ionic', 0.007445676948791977),
 ('less/less.js', 0.007306380905991232),
 ('vhf/free-programming-books', 0.007256138632049477),
 ('angular-ui/angular-ui', 0.007177096851081861),
 ('mrdoob/three.js', 0.007118422873865502),
 ('adobe/brackets', 0.0071),
 ('tastejs/todomvc', 0.006878783330831958),
 ('hakimel/reveal.js', 0.006717295169145225),
 ('yeoman/yeoman', 0.006573877865536506),
 ('daneden/animate.css', 0.0064924966954358135),
 ('mongodb/mongo', 0.006310000245525301),
 ('necolas/normalize.css', 0.006281178680346576),
 ('jquery/jquery-ui', 0.006273705302831516),
 ('laravel/laravel', 0.006231907365712447),
 ('jashkenas/underscore', 0.006093163222164192),
 ('twitter/bootstrap', 0.006058002621462953),
 ('jmcunningham/AngularJS-Learning', 0.005839450853274859),
 ('jrburke/requirejs', 0.005720278386881495),
 ('Polymer/polymer', 0.005235727264033662),
 ('antirez/redis', 0.005142361033814919),
 ('LearnBoost/socket.io', 0.005080627347028938),
 ('TryGhost/Ghost', 0.005059517561354523),
 ('jquery/jquery-mobile', 0.0050212164073550215),
 ('gulpjs/gulp', 0.0048865141343563045),
 ('torvalds/linux', 0.004813906007080375),
 ('symfony/symfony', 0.0047969808575455825),
 ('blueimp/jQuery-File-Upload', 0.00478620446947035),
 ('pivotal/jasmine', 0.004749910039582583),
 ('wycats/handlebars.js', 0.004665372045659073),
 ('harvesthq/chosen', 0.004644508897076115),
 ('angular-ui/ui-router', 0.004628827446223917),
 ('documentcloud/underscore', 0.0043915871433319095),
 ('designmodo/Flat-UI', 0.004343382728666326),
 ('jashkenas/coffee-script', 0.00421446967923203),
 ('Homebrew/homebrew', 0.004144407445559734),
 ('nnnick/Chart.js', 0.004121377778726857),
 ('angular-app/angular-app', 0.003979015130395114),
 ('airbnb/javascript', 0.0036937468581295214),
 ('karma-runner/karma', 0.0036603221083455345),
 ('angular/material', 0.003623099105316343),
 ('strongloop/express', 0.003577770121644184),
 ('madrobby/zepto', 0.003549524315448882),
 ('mgcrea/angular-strap', 0.0034615190257213605),
 ('ariya/phantomjs', 0.003440712227431078),
 ('rethinkdb/rethinkdb', 0.003439463061599828),
 ('sass/sass', 0.003417745364514653),
 ('ruby/ruby', 0.003395997574287447),
 ('jshint/jshint', 0.0033788972508063276),
 ('atom/atom', 0.003330484892307018),
 ('github/gitignore', 0.003326987412897621),
 ('rogerwang/node-webkit', 0.003311955585335503),
 ('mozilla/pdf.js', 0.0032998042874698465),
 ('linnovate/mean', 0.0032951359858358334),
 ('mitsuhiko/flask', 0.0032837631507393696),
 ('dotcloud/docker', 0.003225395747570343),
 ('cloudhead/less.js', 0.0032224920605268075),
 ('ivaynberg/select2', 0.003217811887916217),
 ('visionmedia/jade', 0.0031847133757961785),
 ('twbs/ratchet', 0.003094884633771985),
 ('yeoman/generator-angular', 0.0030869849574885547),
 ('getify/You-Dont-Know-JS', 0.0030779832318823933),
 ('Semantic-Org/Semantic-UI', 0.003077635080411894),
 ('angular/angularjs-batarang', 0.0030718654846271995),
 ('addyosmani/todomvc', 0.0030305877930742846),
 ('janl/mustache.js', 0.003013438965709981),
 ('EllisLab/CodeIgniter', 0.0030099350487700002),
 ('WordPress/WordPress', 0.003002137521915604),
 ('SteveSanderson/knockout', 0.0029426816786079836),
 ('jekyll/jekyll', 0.0028546819244493664),
 ('angular/angular-phonecat', 0.0028542691711745997),
 ('cakephp/cakephp', 0.0028238091699487257),
 ('angular/protractor', 0.0027917511654244253),
 ('nex3/sass', 0.002787581197892691),
 ('mitchellh/vagrant', 0.002785254534815682),
 ('driftyco/ionicons', 0.002743857220546794),
 ('visionmedia/mocha', 0.00273224043715847)]