Enter your repository name: pypa/pip
[('pypa/pip', 0.761035903472631),
 ('pypa/virtualenv', 0.06083821541234791),
 ('rubygems/rubygems', 0.019265232974910396),
 ('npm/npm', 0.01765489673550966),
 ('atom/apm', 0.012564249000571102),
 ('jcrocholl/pep8', 0.010953346855983773),
 ('wbond/sublime_package_control', 0.009230769230769232),
 ('fabric/fabric', 0.008246612998232868),
 ('Homebrew/homebrew', 0.007771338250790305),
 ('mitsuhiko/jinja2', 0.00768521364893944),
 ('supermarin/Alcatraz', 0.007609013754755633),
 ('bower/bower', 0.0073510107639800475),
 ('volojs/volo', 0.0067193675889328066),
 ('ocaml/opam', 0.0063805104408352666),
 ('matplotlib/matplotlib', 0.006235827664399093),
 ('ipython/ipython', 0.005909090909090909),
 ('numpy/numpy', 0.005674232309746329),
 ('caolan/jam', 0.00551948051948052),
 ('sympy/sympy', 0.005338672005338672),
 ('sass/sass', 0.005324459234608985),
 ('benoitc/gunicorn', 0.005298013245033113),
 ('chocolatey/chocolatey', 0.005274261603375527),
 ('CocoaPods/CocoaPods', 0.005105296745373325),
 ('pypa/warehouse', 0.005079365079365079),
 ('kennethreitz/python-guide', 0.004864489228630994),
 ('golang/lint', 0.004672897196261682),
 ('composer/composer', 0.004528301886792453),
 ('jordansissel/fpm', 0.0045266679787443415),
 ('clutchski/coffeelint', 0.004451038575667656),
 ('bhollis/jsonview', 0.004347826086956522),
 ('scrapy/scrapy', 0.004325032765399738),
 ('nose-devs/nose', 0.004221388367729831),
 ('petdance/ack2', 0.004201680672268907),
 ('nltk/nltk', 0.004146919431279621),
 ('eddiezane/lunchy', 0.004119464469618949),
 ('SupervisorMarkFarrell/San-Francisco-Open-Data-Legislation',
  0.004098360655737705),
 ('tornadoweb/tornado', 0.004093784890212133),
 ('causes/scss-lint', 0.004081632653061225),
 ('scikit-learn/scikit-learn', 0.004075394803871625),
 ('ropensci/rplos', 0.004074505238649592),
 ('ComputationalRadiationPhysics/picongpu', 0.004043905257076834),
 ('ndmitchell/hlint', 0.0040415704387990765),
 ('zzzeek/sqlalchemy', 0.00399800099950025),
 ('nikolaypavlov/MLPNeuralNet', 0.003954522985664854),
 ('gmarik/Vundle.vim', 0.003949642063687978),
 ('Compass/compass', 0.003937007874015748),
 ('koalaman/shellcheck', 0.003907776475185619),
 ('astropy/astropy', 0.003887269193391642),
 ('rtfd/readthedocs.org', 0.0038639876352395673),
 ('rodjek/puppet-lint', 0.00386286817962337),
 ('ryanb/ruby-warrior', 0.0038348082595870206),
 ('CSSLint/csslint', 0.0038314176245210726),
 ('webpy/webpy', 0.00381770460510618),
 ('pypa/python-packaging-user-guide', 0.0038095238095238095),
 ('mitsuhiko/werkzeug', 0.003793103448275862),
 ('mhagger/git-imerge', 0.0037751677852348995),
 ('saltstack/salt', 0.0037509377344336083),
 ('simplegeo/python-oauth2', 0.003747870528109029),
 ('tweepy/tweepy', 0.00374414976599064),
 ('parkerbennett/stackicons', 0.0037418147801683817),
 ('lxml/lxml', 0.0037293553542887587),
 ('kennethreitz/requests', 0.00368437212158428),
 ('django/django', 0.003667788775561473),
 ('jshint/jshint', 0.003662258392675483),
 ('boto/boto', 0.003614022406938923),
 ('scipy/scipy', 0.0035932446999640674),
 ('streamio/streamio-ffmpeg', 0.003587443946188341),
 ('mongodb/mongo', 0.003583694191428998),
 ('CityOfPhiladelphia/flu-shot-spec', 0.003582089552238806),
 ('muan/emoji', 0.0035810205908683975),
 ('elasticsearch/logstash', 0.003435114503816794),
 ('gabrielfalcao/lettuce', 0.0034129692832764505),
 ('kennethreitz/envoy', 0.003392385978137957),
 ('puppetlabs/puppet', 0.0033792565635560176),
 ('getpelican/pelican', 0.0033719704952581667),
 ('yaniswang/HTMLHint', 0.003368623676612127),
 ('revel/revel', 0.003332222592469177),
 ('fontello/brandico.font', 0.003329633740288568),
 ('ged-lab/khmer', 0.0033259423503325942),
 ('component/component', 0.003310475289666588),
 ('mitsuhiko/flask', 0.0032947722946258602),
 ('quicksilver/Quicksilver', 0.0032520325203252032),
 ('celery/celery', 0.0032438808611029196),
 ('pfefferle/openwebicons', 0.003215434083601286),
 ('less/less.js', 0.0031929754540011976),
 ('pydata/pandas', 0.0031840796019900496),
 ('snowplow/snowplow', 0.0031601123595505617),
 ('aanand/git-up', 0.0031424581005586594),
 ('ShareX/ShareX', 0.00312256049960968),
 ('cython/cython', 0.0031042128603104213),
 ('defnull/bottle', 0.003093363329583802),
 ('Zulko/moviepy', 0.003089996137504828),
 ('oclint/oclint', 0.003089143865842895),
 ('numenta/nupic', 0.0030721966205837174),
 ('amoffat/sh', 0.0030570652173913045),
 ('ellisonleao/clumsy-bird', 0.0030316154179298397),
 ('gitpython-developers/GitPython', 0.0030257186081694403),
 ('0xdata/h2o', 0.003020007550018875),
 ('Continuities/adarkroom', 0.0030040053404539386),
 ('stephenhutchings/typicons.font', 0.00298804780876494)]